{"event":{"action_id":"act_6026a012","intent":"I want to order food","latency_ms":34,"name":"order_food","provider":"food_service","status":"success","timestamp":"2026-03-30T10:36:35.761Z"},"level":"info","message":"[SOUN EVENT] order_food | success | 34ms","timestamp":"2026-03-30T10:36:35.764Z"}
{"event":{"action_id":"act_c316e675","intent":"book a cab","latency_ms":556,"name":"book_cab","provider":"external_ride_service","status":"failure","timestamp":"2026-03-30T10:36:36.325Z"},"level":"info","message":"[SOUN EVENT] book_cab | failure | 556ms","timestamp":"2026-03-30T10:36:36.325Z"}
{"event":{"action_id":"act_222c6d65","intent":"I want to order food","latency_ms":32,"name":"order_food","provider":"food_service","status":"success","timestamp":"2026-03-30T10:39:02.782Z"},"level":"info","message":"[SOUN EVENT] order_food | success | 32ms","timestamp":"2026-03-30T10:39:02.784Z"}
{"event":{"action_id":"act_1c70dc96","intent":"book a cab","latency_ms":550,"name":"book_cab","provider":"external_ride_service","status":"failure","timestamp":"2026-03-30T10:39:03.338Z"},"level":"info","message":"[SOUN EVENT] book_cab | failure | 550ms","timestamp":"2026-03-30T10:39:03.339Z"}
{"event":{"action_id":"act_62ce6692","latency_ms":502,"name":"shopify_create_order","provider":"shopify_store_main","status":"failure","timestamp":"2026-03-30T10:39:03.846Z"},"level":"info","message":"[SOUN EVENT] shopify_create_order | failure | 502ms","timestamp":"2026-03-30T10:39:03.846Z"}
{"event":{"action_id":"act_68f7acd5","intent":"I want to order food","latency_ms":49,"name":"order_food","provider":"food_service","status":"success","timestamp":"2026-03-30T10:39:25.803Z"},"level":"info","message":"[SOUN EVENT] order_food | success | 49ms","timestamp":"2026-03-30T10:39:25.805Z"}
{"event":{"action_id":"act_a4fdac18","intent":"book a cab","latency_ms":575,"name":"book_cab","provider":"external_ride_service","status":"failure","timestamp":"2026-03-30T10:39:26.386Z"},"level":"info","message":"[SOUN EVENT] book_cab | failure | 575ms","timestamp":"2026-03-30T10:39:26.386Z"}
{"event":{"action_id":"act_b0e3cf4a","latency_ms":3,"name":"shopify_create_order","provider":"shopify_store_main","status":"success","timestamp":"2026-03-30T10:39:26.396Z"},"level":"info","message":"[SOUN EVENT] shopify_create_order | success | 3ms","timestamp":"2026-03-30T10:39:26.396Z"}
{"event":{"action_id":"act_becadbba","agent_id":"did:soun:77e00022-035","intent":"I want to order food","latency_ms":24,"name":"order_food","provider":"food_service","status":"success","timestamp":"2026-03-30T10:44:08.383Z"},"level":"info","message":"[SOUN EVENT] order_food | success | 24ms","timestamp":"2026-03-30T10:44:08.385Z"}
{"event":{"action_id":"act_1d8959ea","agent_id":"anonymous","intent":"book a cab","latency_ms":549,"name":"book_cab","provider":"external_ride_service","status":"failure","timestamp":"2026-03-30T10:44:08.938Z"},"level":"info","message":"[SOUN EVENT] book_cab | failure | 549ms","timestamp":"2026-03-30T10:44:08.938Z"}
{"event":{"action_id":"act_c964c424","agent_id":"anonymous","latency_ms":3,"name":"shopify_create_order","provider":"shopify_store_main","status":"success","timestamp":"2026-03-30T10:44:08.947Z"},"level":"info","message":"[SOUN EVENT] shopify_create_order | success | 3ms","timestamp":"2026-03-30T10:44:08.947Z"}
{"event":{"action_id":"act_b814f856","agent_id":"did:soun:c0dcc6be-fd1","intent":"I want to order food","latency_ms":38,"name":"order_food","provider":"food_service","status":"success","timestamp":"2026-03-30T10:49:59.014Z"},"level":"info","message":"[SOUN EVENT] order_food | success | 38ms","timestamp":"2026-03-30T10:49:59.016Z"}
{"event":{"action_id":"act_c2351980","agent_id":"anonymous","intent":"book a cab","latency_ms":548,"name":"book_cab","provider":"external_ride_service","status":"failure","timestamp":"2026-03-30T10:49:59.571Z"},"level":"info","message":"[SOUN EVENT] book_cab | failure | 548ms","timestamp":"2026-03-30T10:49:59.571Z"}
{"event":{"action_id":"act_904e6768","agent_id":"anonymous","latency_ms":4,"name":"shopify_create_order","provider":"shopify_store_main","status":"success","timestamp":"2026-03-30T10:49:59.580Z"},"level":"info","message":"[SOUN EVENT] shopify_create_order | success | 4ms","timestamp":"2026-03-30T10:49:59.580Z"}
{"event":{"action_id":"act_aa1153ea","agent_id":"anonymous","latency_ms":0,"name":"internal_test","provider":"test","status":"success","timestamp":"2026-03-30T10:54:13.470Z"},"level":"info","message":"[SOUN EVENT] internal_test | success | 0ms","timestamp":"2026-03-30T10:54:13.471Z"}
{"event":{"action_id":"act_2efd3d2e","agent_id":"anonymous","latency_ms":505,"name":"fail_test","provider":"test","status":"failure","timestamp":"2026-03-30T10:54:13.984Z"},"level":"info","message":"[SOUN EVENT] fail_test | failure | 505ms","timestamp":"2026-03-30T10:54:13.984Z"}
{"event":{"action_id":"act_abd4cf1f","agent_id":"anonymous","latency_ms":502,"name":"retry_test","provider":"test","status":"success","timestamp":"2026-03-30T10:54:14.488Z"},"level":"info","message":"[SOUN EVENT] retry_test | success | 502ms","timestamp":"2026-03-30T10:54:14.488Z"}
{"event":{"action_id":"act_0aef8359","agent_id":"anonymous","intent":"book_cab","latency_ms":0,"name":"book_cab","provider":"good_provider","status":"success","timestamp":"2026-03-30T10:54:14.490Z"},"level":"info","message":"[SOUN EVENT] book_cab | success | 0ms","timestamp":"2026-03-30T10:54:14.491Z"}
{"event":{"action_id":"act_dd9716b0","agent_id":"anonymous","latency_ms":531,"name":"schema_test","provider":"test","status":"failure","timestamp":"2026-03-30T10:54:15.023Z"},"level":"info","message":"[SOUN EVENT] schema_test | failure | 531ms","timestamp":"2026-03-30T10:54:15.024Z"}
{"event":{"action_id":"act_dd9716b0","agent_id":"anonymous","latency_ms":502,"name":"schema_test","provider":"test","status":"failure","timestamp":"2026-03-30T10:54:15.526Z"},"level":"info","message":"[SOUN EVENT] schema_test | failure | 502ms","timestamp":"2026-03-30T10:54:15.526Z"}
{"event":{"action_id":"act_dd9716b0","agent_id":"anonymous","latency_ms":1,"name":"schema_test","provider":"test","status":"success","timestamp":"2026-03-30T10:54:15.527Z"},"level":"info","message":"[SOUN EVENT] schema_test | success | 1ms","timestamp":"2026-03-30T10:54:15.527Z"}
{"level":"error","message":"Insufficient blockchain balance for agent did:soun:dc389667-73f. Needed 10, has 0","timestamp":"2026-03-30T10:58:39.708Z"}
{"level":"error","message":"Insufficient blockchain balance for agent did:soun:dc389667-73f. Needed 10, has 0","timestamp":"2026-03-30T10:58:40.213Z"}
{"event":{"action_id":"act_2c2bafdb","agent_id":"did:soun:dc389667-73f","intent":"I want to order food","latency_ms":533,"name":"order_food","provider":"food_service","status":"failure","timestamp":"2026-03-30T10:58:40.217Z"},"level":"info","message":"[SOUN EVENT] order_food | failure | 533ms","timestamp":"2026-03-30T10:58:40.217Z"}
{"event":{"action_id":"act_2420c2e4","agent_id":"anonymous","intent":"book a cab","latency_ms":534,"name":"book_cab","provider":"external_ride_service","status":"failure","timestamp":"2026-03-30T10:58:40.753Z"},"level":"info","message":"[SOUN EVENT] book_cab | failure | 534ms","timestamp":"2026-03-30T10:58:40.753Z"}
{"event":{"action_id":"act_9fe212f5","agent_id":"anonymous","latency_ms":2,"name":"shopify_create_order","provider":"shopify_store_main","status":"success","timestamp":"2026-03-30T10:58:40.757Z"},"level":"info","message":"[SOUN EVENT] shopify_create_order | success | 2ms","timestamp":"2026-03-30T10:58:40.757Z"}
{"level":"error","message":"Insufficient blockchain balance for agent did:soun:c63d8fa3-8d4. Needed 10, has 0","timestamp":"2026-03-30T10:59:07.227Z"}
{"level":"error","message":"Insufficient blockchain balance for agent did:soun:c63d8fa3-8d4. Needed 10, has 0","timestamp":"2026-03-30T10:59:07.773Z"}
{"event":{"action_id":"act_9fe212f5","agent_id":"did:soun:c63d8fa3-8d4","intent":"I want to order food","latency_ms":33,"name":"shopify_create_order","provider":"shopify_store_main","status":"failure","timestamp":"2026-03-30T10:59:08.110Z"},"level":"info","message":"[SOUN EVENT] shopify_create_order | failure | 33ms","timestamp":"2026-03-30T10:59:08.111Z"}
{"event":{"action_id":"act_2420c2e4","agent_id":"anonymous","intent":"book a cab","latency_ms":5,"name":"book_cab","provider":"external_ride_service","status":"failure","timestamp":"2026-03-30T10:59:08.669Z"},"level":"info","message":"[SOUN EVENT] book_cab | failure | 5ms","timestamp":"2026-03-30T10:59:08.670Z"}
{"event":{"action_id":"act_ddbc76cc","agent_id":"anonymous","latency_ms":12,"name":"shopify_create_order","provider":"shopify_store_main","status":"success","timestamp":"2026-03-30T10:59:08.693Z"},"level":"info","message":"[SOUN EVENT] shopify_create_order | success | 12ms","timestamp":"2026-03-30T10:59:08.693Z"}
